# JRE version: Java(TM) SE Runtime Environment (7.0_67-b01) (build 1.7.0_67-b01)
# Java VM: Java HotSpot(TM) 64-Bit Server VM (24.65-b04 mixed mode bsd-amd64 compressed oops)
Heap
 PSYoungGen      total 38912K, used 35487K [0x00000007d5500000, 0x00000007da200000, 0x0000000800000000)
  eden space 33280K, 89% used [0x00000007d5500000,0x00000007d722bc60,0x00000007d7580000)
  from space 5632K, 99% used [0x00000007d9c80000,0x00000007da1fc140,0x00000007da200000)
  to   space 8192K, 0% used [0x00000007d9200000,0x00000007d9200000,0x00000007d9a00000)
 ParOldGen       total 87040K, used 3149K [0x0000000780000000, 0x0000000785500000, 0x00000007d5500000)
  object space 87040K, 3% used [0x0000000780000000,0x0000000780313538,0x0000000785500000)
 PSPermGen       total 22528K, used 22272K [0x000000077ae00000, 0x000000077c400000, 0x0000000780000000)
  object space 22528K, 98% used [0x000000077ae00000,0x000000077c3c0388,0x000000077c400000)
GC Heap History (10 events):
Event: 1.097 GC heap before
{Heap before GC invocations=2 (full 0):
 PSYoungGen      total 38912K, used 36655K [0x00000007d5500000, 0x00000007d8000000, 0x0000000800000000)
  eden space 33792K, 100% used [0x00000007d5500000,0x00000007d7600000,0x00000007d7600000)
  from space 5120K, 55% used [0x00000007d7600000,0x00000007d78cbee0,0x00000007d7b00000)
  to   space 5120K, 0% used [0x00000007d7b00000,0x00000007d7b00000,0x00000007d8000000)
 ParOldGen       total 87040K, used 8K [0x0000000780000000, 0x0000000785500000, 0x00000007d5500000)
  object space 87040K, 0% used [0x0000000780000000,0x0000000780002000,0x0000000785500000)
 PSPermGen       total 21504K, used 10150K [0x000000077ae00000, 0x000000077c300000, 0x0000000780000000)
  object space 21504K, 47% used [0x000000077ae00000,0x000000077b7e9a70,0x000000077c300000)
Event: 1.103 GC heap after
Heap after GC invocations=2 (full 0):
 PSYoungGen      total 38912K, used 4543K [0x00000007d5500000, 0x00000007d8000000, 0x0000000800000000)
  eden space 33792K, 0% used [0x00000007d5500000,0x00000007d5500000,0x00000007d7600000)
  from space 5120K, 88% used [0x00000007d7b00000,0x00000007d7f6fef8,0x00000007d8000000)
  to   space 5120K, 0% used [0x00000007d7600000,0x00000007d7600000,0x00000007d7b00000)
 ParOldGen       total 87040K, used 80K [0x0000000780000000, 0x0000000785500000, 0x00000007d5500000)
  object space 87040K, 0% used [0x0000000780000000,0x0000000780014010,0x0000000785500000)
 PSPermGen       total 21504K, used 10150K [0x000000077ae00000, 0x000000077c300000, 0x0000000780000000)
  object space 21504K, 47% used [0x000000077ae00000,0x000000077b7e9a70,0x000000077c300000)
}
Event: 1.489 GC heap before
{Heap before GC invocations=3 (full 0):
 PSYoungGen      total 38912K, used 38335K [0x00000007d5500000, 0x00000007d8000000, 0x0000000800000000)
  eden space 33792K, 100% used [0x00000007d5500000,0x00000007d7600000,0x00000007d7600000)
  from space 5120K, 88% used [0x00000007d7b00000,0x00000007d7f6fef8,0x00000007d8000000)
  to   space 5120K, 0% used [0x00000007d7600000,0x00000007d7600000,0x00000007d7b00000)
 ParOldGen       total 87040K, used 80K [0x0000000780000000, 0x0000000785500000, 0x00000007d5500000)
  object space 87040K, 0% used [0x0000000780000000,0x0000000780014010,0x0000000785500000)
 PSPermGen       total 21504K, used 12302K [0x000000077ae00000, 0x000000077c300000, 0x0000000780000000)
  object space 21504K, 57% used [0x000000077ae00000,0x000000077ba03a50,0x000000077c300000)
Event: 1.494 GC heap after
Heap after GC invocations=3 (full 0):
 PSYoungGen      total 38912K, used 3764K [0x00000007d5500000, 0x00000007d8000000, 0x0000000800000000)
  eden space 33792K, 0% used [0x00000007d5500000,0x00000007d5500000,0x00000007d7600000)
  from space 5120K, 73% used [0x00000007d7600000,0x00000007d79ad2f8,0x00000007d7b00000)
  to   space 5120K, 0% used [0x00000007d7b00000,0x00000007d7b00000,0x00000007d8000000)
 ParOldGen       total 87040K, used 88K [0x0000000780000000, 0x0000000785500000, 0x00000007d5500000)
  object space 87040K, 0% used [0x0000000780000000,0x0000000780016010,0x0000000785500000)
 PSPermGen       total 21504K, used 12302K [0x000000077ae00000, 0x000000077c300000, 0x0000000780000000)
  object space 21504K, 57% used [0x000000077ae00000,0x000000077ba03a50,0x000000077c300000)
}
Event: 1.800 GC heap before
{Heap before GC invocations=4 (full 0):
 PSYoungGen      total 38912K, used 37556K [0x00000007d5500000, 0x00000007d8000000, 0x0000000800000000)
  eden space 33792K, 100% used [0x00000007d5500000,0x00000007d7600000,0x00000007d7600000)
  from space 5120K, 73% used [0x00000007d7600000,0x00000007d79ad2f8,0x00000007d7b00000)
  to   space 5120K, 0% used [0x00000007d7b00000,0x00000007d7b00000,0x00000007d8000000)
 ParOldGen       total 87040K, used 88K [0x0000000780000000, 0x0000000785500000, 0x00000007d5500000)
  object space 87040K, 0% used [0x0000000780000000,0x0000000780016010,0x0000000785500000)
 PSPermGen       total 21504K, used 15392K [0x000000077ae00000, 0x000000077c300000, 0x0000000780000000)
  object space 21504K, 71% used [0x000000077ae00000,0x000000077bd08090,0x000000077c300000)
Event: 1.806 GC heap after
Heap after GC invocations=4 (full 0):
 PSYoungGen      total 38912K, used 4721K [0x00000007d5500000, 0x00000007da100000, 0x0000000800000000)
  eden space 33792K, 0% used [0x00000007d5500000,0x00000007d5500000,0x00000007d7600000)
  from space 5120K, 92% used [0x00000007d7b00000,0x00000007d7f9c570,0x00000007d8000000)
  to   space 5120K, 0% used [0x00000007d7600000,0x00000007d7600000,0x00000007d7b00000)
 ParOldGen       total 87040K, used 96K [0x0000000780000000, 0x0000000785500000, 0x00000007d5500000)
  object space 87040K, 0% used [0x0000000780000000,0x0000000780018010,0x0000000785500000)
 PSPermGen       total 21504K, used 15392K [0x000000077ae00000, 0x000000077c300000, 0x0000000780000000)
  object space 21504K, 71% used [0x000000077ae00000,0x000000077bd08090,0x000000077c300000)
}
Event: 2.257 GC heap before
{Heap before GC invocations=5 (full 0):
 PSYoungGen      total 38912K, used 38513K [0x00000007d5500000, 0x00000007da100000, 0x0000000800000000)
  eden space 33792K, 100% used [0x00000007d5500000,0x00000007d7600000,0x00000007d7600000)
  from space 5120K, 92% used [0x00000007d7b00000,0x00000007d7f9c570,0x00000007d8000000)
  to   space 5120K, 0% used [0x00000007d7600000,0x00000007d7600000,0x00000007d7b00000)
 ParOldGen       total 87040K, used 96K [0x0000000780000000, 0x0000000785500000, 0x00000007d5500000)
  object space 87040K, 0% used [0x0000000780000000,0x0000000780018010,0x0000000785500000)
 PSPermGen       total 21504K, used 17787K [0x000000077ae00000, 0x000000077c300000, 0x0000000780000000)
  object space 21504K, 82% used [0x000000077ae00000,0x000000077bf5ec50,0x000000077c300000)
Event: 2.263 GC heap after
Heap after GC invocations=5 (full 0):
 PSYoungGen      total 38912K, used 4952K [0x00000007d5500000, 0x00000007da200000, 0x0000000800000000)
  eden space 33792K, 0% used [0x00000007d5500000,0x00000007d5500000,0x00000007d7600000)
  from space 5120K, 96% used [0x00000007d7600000,0x00000007d7ad6090,0x00000007d7b00000)
  to   space 5632K, 0% used [0x00000007d9c80000,0x00000007d9c80000,0x00000007da200000)
 ParOldGen       total 87040K, used 104K [0x0000000780000000, 0x0000000785500000, 0x00000007d5500000)
  object space 87040K, 0% used [0x0000000780000000,0x000000078001a010,0x0000000785500000)
 PSPermGen       total 21504K, used 17787K [0x000000077ae00000, 0x000000077c300000, 0x0000000780000000)
  object space 21504K, 82% used [0x000000077ae00000,0x000000077bf5ec50,0x000000077c300000)
}
Event: 8.158 GC heap before
{Heap before GC invocations=6 (full 0):
 PSYoungGen      total 38912K, used 38744K [0x00000007d5500000, 0x00000007da200000, 0x0000000800000000)
  eden space 33792K, 100% used [0x00000007d5500000,0x00000007d7600000,0x00000007d7600000)
  from space 5120K, 96% used [0x00000007d7600000,0x00000007d7ad6090,0x00000007d7b00000)
  to   space 5632K, 0% used [0x00000007d9c80000,0x00000007d9c80000,0x00000007da200000)
 ParOldGen       total 87040K, used 104K [0x0000000780000000, 0x0000000785500000, 0x00000007d5500000)
  object space 87040K, 0% used [0x0000000780000000,0x000000078001a010,0x0000000785500000)
 PSPermGen       total 22528K, used 22149K [0x000000077ae00000, 0x000000077c400000, 0x0000000780000000)
  object space 22528K, 98% used [0x000000077ae00000,0x000000077c3a15f8,0x000000077c400000)
Event: 8.167 GC heap after
Heap after GC invocations=6 (full 0):
 PSYoungGen      total 38912K, used 5616K [0x00000007d5500000, 0x00000007da200000, 0x0000000800000000)
  eden space 33280K, 0% used [0x00000007d5500000,0x00000007d5500000,0x00000007d7580000)
  from space 5632K, 99% used [0x00000007d9c80000,0x00000007da1fc140,0x00000007da200000)
  to   space 8192K, 0% used [0x00000007d9200000,0x00000007d9200000,0x00000007d9a00000)
 ParOldGen       total 87040K, used 3149K [0x0000000780000000, 0x0000000785500000, 0x00000007d5500000)
  object space 87040K, 3% used [0x0000000780000000,0x0000000780313538,0x0000000785500000)
 PSPermGen       total 22528K, used 22149K [0x000000077ae00000, 0x000000077c400000, 0x0000000780000000)
  object space 22528K, 98% used [0x000000077ae00000,0x000000077c3a15f8,0x000000077c400000)
}

